# JRE version: Java(TM) SE Runtime Environment (8.0_20-b26) (build 1.8.0_20-b26)
# Java VM: Java HotSpot(TM) 64-Bit Server VM (25.20-b23 mixed mode linux-amd64 compressed oops)
Heap:
 PSYoungGen      total 36864K, used 10470K [0x00000000d6f80000, 0x00000000d9880000, 0x0000000100000000)
  eden space 31744K, 31% used [0x00000000d6f80000,0x00000000d7949ab8,0x00000000d8e80000)
  from space 5120K, 8% used [0x00000000d9380000,0x00000000d93f0000,0x00000000d9880000)
  to   space 5120K, 0% used [0x00000000d8e80000,0x00000000d8e80000,0x00000000d9380000)
 ParOldGen       total 40960K, used 5697K [0x0000000084e00000, 0x0000000087600000, 0x00000000d6f80000)
  object space 40960K, 13% used [0x0000000084e00000,0x00000000853905a8,0x0000000087600000)
 Metaspace       used 21246K, capacity 21430K, committed 21808K, reserved 1069056K
  class space    used 2362K, capacity 2411K, committed 2432K, reserved 1048576K
GC Heap History (10 events):
Event: 3,157 GC heap before
{Heap before GC invocations=1 (full 0):
 PSYoungGen      total 36864K, used 31744K [0x00000000d6f80000, 0x00000000d9880000, 0x0000000100000000)
  eden space 31744K, 100% used [0x00000000d6f80000,0x00000000d8e80000,0x00000000d8e80000)
  from space 5120K, 0% used [0x00000000d9380000,0x00000000d9380000,0x00000000d9880000)
  to   space 5120K, 0% used [0x00000000d8e80000,0x00000000d8e80000,0x00000000d9380000)
 ParOldGen       total 84992K, used 0K [0x0000000084e00000, 0x000000008a100000, 0x00000000d6f80000)
  object space 84992K, 0% used [0x0000000084e00000,0x0000000084e00000,0x000000008a100000)
 Metaspace       used 18937K, capacity 19160K, committed 19456K, reserved 1067008K
  class space    used 2192K, capacity 2252K, committed 2304K, reserved 1048576K
Event: 3,168 GC heap after
Heap after GC invocations=1 (full 0):
 PSYoungGen      total 36864K, used 5089K [0x00000000d6f80000, 0x00000000d9880000, 0x0000000100000000)
  eden space 31744K, 0% used [0x00000000d6f80000,0x00000000d6f80000,0x00000000d8e80000)
  from space 5120K, 99% used [0x00000000d8e80000,0x00000000d9378690,0x00000000d9380000)
  to   space 5120K, 0% used [0x00000000d9380000,0x00000000d9380000,0x00000000d9880000)
 ParOldGen       total 84992K, used 2501K [0x0000000084e00000, 0x000000008a100000, 0x00000000d6f80000)
  object space 84992K, 2% used [0x0000000084e00000,0x00000000850714a0,0x000000008a100000)
 Metaspace       used 18937K, capacity 19160K, committed 19456K, reserved 1067008K
  class space    used 2192K, capacity 2252K, committed 2304K, reserved 1048576K
}
Event: 29,459 GC heap before
{Heap before GC invocations=2 (full 0):
 PSYoungGen      total 36864K, used 36833K [0x00000000d6f80000, 0x00000000d9880000, 0x0000000100000000)
  eden space 31744K, 100% used [0x00000000d6f80000,0x00000000d8e80000,0x00000000d8e80000)
  from space 5120K, 99% used [0x00000000d8e80000,0x00000000d9378690,0x00000000d9380000)
  to   space 5120K, 0% used [0x00000000d9380000,0x00000000d9380000,0x00000000d9880000)
 ParOldGen       total 84992K, used 2501K [0x0000000084e00000, 0x000000008a100000, 0x00000000d6f80000)
  object space 84992K, 2% used [0x0000000084e00000,0x00000000850714a0,0x000000008a100000)
 Metaspace       used 20804K, capacity 21016K, committed 21296K, reserved 1069056K
  class space    used 2336K, capacity 2380K, committed 2432K, reserved 1048576K
Event: 29,467 GC heap after
Heap after GC invocations=2 (full 0):
 PSYoungGen      total 36864K, used 5099K [0x00000000d6f80000, 0x00000000d9880000, 0x0000000100000000)
  eden space 31744K, 0% used [0x00000000d6f80000,0x00000000d6f80000,0x00000000d8e80000)
  from space 5120K, 99% used [0x00000000d9380000,0x00000000d987af30,0x00000000d9880000)
  to   space 5120K, 0% used [0x00000000d8e80000,0x00000000d8e80000,0x00000000d9380000)
 ParOldGen       total 84992K, used 3831K [0x0000000084e00000, 0x000000008a100000, 0x00000000d6f80000)
  object space 84992K, 4% used [0x0000000084e00000,0x00000000851bdc38,0x000000008a100000)
 Metaspace       used 20804K, capacity 21016K, committed 21296K, reserved 1069056K
  class space    used 2336K, capacity 2380K, committed 2432K, reserved 1048576K
}
Event: 60,118 GC heap before
{Heap before GC invocations=3 (full 0):
 PSYoungGen      total 36864K, used 36371K [0x00000000d6f80000, 0x00000000d9880000, 0x0000000100000000)
  eden space 31744K, 98% used [0x00000000d6f80000,0x00000000d8e09cd0,0x00000000d8e80000)
  from space 5120K, 99% used [0x00000000d9380000,0x00000000d987af30,0x00000000d9880000)
  to   space 5120K, 0% used [0x00000000d8e80000,0x00000000d8e80000,0x00000000d9380000)
 ParOldGen       total 84992K, used 3831K [0x0000000084e00000, 0x000000008a100000, 0x00000000d6f80000)
  object space 84992K, 4% used [0x0000000084e00000,0x00000000851bdc38,0x000000008a100000)
 Metaspace       used 20904K, capacity 21112K, committed 21296K, reserved 1069056K
  class space    used 2341K, capacity 2412K, committed 2432K, reserved 1048576K
Event: 60,123 GC heap after
Heap after GC invocations=3 (full 0):
 PSYoungGen      total 36864K, used 5115K [0x00000000d6f80000, 0x00000000d9880000, 0x0000000100000000)
  eden space 31744K, 0% used [0x00000000d6f80000,0x00000000d6f80000,0x00000000d8e80000)
  from space 5120K, 99% used [0x00000000d8e80000,0x00000000d937ef20,0x00000000d9380000)
  to   space 5120K, 0% used [0x00000000d9380000,0x00000000d9380000,0x00000000d9880000)
 ParOldGen       total 84992K, used 3919K [0x0000000084e00000, 0x000000008a100000, 0x00000000d6f80000)
  object space 84992K, 4% used [0x0000000084e00000,0x00000000851d3c38,0x000000008a100000)
 Metaspace       used 20904K, capacity 21112K, committed 21296K, reserved 1069056K
  class space    used 2341K, capacity 2412K, committed 2432K, reserved 1048576K
}
Event: 60,123 GC heap before
{Heap before GC invocations=4 (full 1):
 PSYoungGen      total 36864K, used 5115K [0x00000000d6f80000, 0x00000000d9880000, 0x0000000100000000)
  eden space 31744K, 0% used [0x00000000d6f80000,0x00000000d6f80000,0x00000000d8e80000)
  from space 5120K, 99% used [0x00000000d8e80000,0x00000000d937ef20,0x00000000d9380000)
  to   space 5120K, 0% used [0x00000000d9380000,0x00000000d9380000,0x00000000d9880000)
 ParOldGen       total 84992K, used 3919K [0x0000000084e00000, 0x000000008a100000, 0x00000000d6f80000)
  object space 84992K, 4% used [0x0000000084e00000,0x00000000851d3c38,0x000000008a100000)
 Metaspace       used 20904K, capacity 21112K, committed 21296K, reserved 1069056K
  class space    used 2341K, capacity 2412K, committed 2432K, reserved 1048576K
Event: 60,158 GC heap after
Heap after GC invocations=4 (full 1):
 PSYoungGen      total 36864K, used 0K [0x00000000d6f80000, 0x00000000d9880000, 0x0000000100000000)
  eden space 31744K, 0% used [0x00000000d6f80000,0x00000000d6f80000,0x00000000d8e80000)
  from space 5120K, 0% used [0x00000000d8e80000,0x00000000d8e80000,0x00000000d9380000)
  to   space 5120K, 0% used [0x00000000d9380000,0x00000000d9380000,0x00000000d9880000)
 ParOldGen       total 40960K, used 5697K [0x0000000084e00000, 0x0000000087600000, 0x00000000d6f80000)
  object space 40960K, 13% used [0x0000000084e00000,0x00000000853905a8,0x0000000087600000)
 Metaspace       used 20903K, capacity 21110K, committed 21296K, reserved 1069056K
  class space    used 2340K, capacity 2411K, committed 2432K, reserved 1048576K
}
Event: 109,775 GC heap before
{Heap before GC invocations=5 (full 1):
 PSYoungGen      total 36864K, used 31744K [0x00000000d6f80000, 0x00000000d9880000, 0x0000000100000000)
  eden space 31744K, 100% used [0x00000000d6f80000,0x00000000d8e80000,0x00000000d8e80000)
  from space 5120K, 0% used [0x00000000d8e80000,0x00000000d8e80000,0x00000000d9380000)
  to   space 5120K, 0% used [0x00000000d9380000,0x00000000d9380000,0x00000000d9880000)
 ParOldGen       total 40960K, used 5697K [0x0000000084e00000, 0x0000000087600000, 0x00000000d6f80000)
  object space 40960K, 13% used [0x0000000084e00000,0x00000000853905a8,0x0000000087600000)
 Metaspace       used 21142K, capacity 21366K, committed 21552K, reserved 1069056K
  class space    used 2360K, capacity 2411K, committed 2432K, reserved 1048576K
Event: 109,776 GC heap after
Heap after GC invocations=5 (full 1):
 PSYoungGen      total 36864K, used 448K [0x00000000d6f80000, 0x00000000d9880000, 0x0000000100000000)
  eden space 31744K, 0% used [0x00000000d6f80000,0x00000000d6f80000,0x00000000d8e80000)
  from space 5120K, 8% used [0x00000000d9380000,0x00000000d93f0000,0x00000000d9880000)
  to   space 5120K, 0% used [0x00000000d8e80000,0x00000000d8e80000,0x00000000d9380000)
 ParOldGen       total 40960K, used 5697K [0x0000000084e00000, 0x0000000087600000, 0x00000000d6f80000)
  object space 40960K, 13% used [0x0000000084e00000,0x00000000853905a8,0x0000000087600000)
 Metaspace       used 21142K, capacity 21366K, committed 21552K, reserved 1069056K
  class space    used 2360K, capacity 2411K, committed 2432K, reserved 1048576K
}

